<?xml version="1.0" encoding="UTF-8"?>
<!-- Generated by org.testng.reporters.JUnitReportReporter -->
<testsuite hostname="Laptop-OBS-117" failures="0" tests="2" name="testScripts.Login" time="29.188" errors="0" timestamp="2021-07-18T11:45:06 IST" skipped="0">
  <testcase classname="testScripts.Login" name="segmentLogin" time="24.706"/>
  <system-out/>
  <testcase classname="testScripts.Login" name="newlogin" time="4.482"/>
  <system-out/>
</testsuite> <!-- testScripts.Login -->
