<?xml version="1.0" encoding="UTF-8"?>
<!-- Generated by org.testng.reporters.JUnitReportReporter -->
<testsuite hostname="Laptop-OBS-117" failures="0" tests="2" name="testScripts.Login" time="33.620" errors="0" timestamp="2021-07-18T11:28:15 IST" skipped="0">
  <testcase classname="testScripts.Login" name="segmentLogin" time="25.931"/>
  <system-out/>
  <testcase classname="testScripts.Login" name="newlogin" time="7.689"/>
  <system-out/>
</testsuite> <!-- testScripts.Login -->
